Horizon started successfully.
Horizon started successfully.
Horizon started successfully.
Horizon started successfully.
Horizon started successfully.
Horizon started successfully.
Horizon started successfully.
Horizon started successfully.
Horizon started successfully.
Horizon started successfully.
Horizon started successfully.
Horizon started successfully.
Horizon started successfully.
Horizon started successfully.
Horizon started successfully.
Horizon started successfully.
Horizon started successfully.
Horizon started successfully.
Horizon started successfully.
Horizon started successfully.
Horizon started successfully.
Horizon started successfully.

   Predis\Connection\ConnectionException 

  php_network_getaddresses: getaddrinfo failed: Name does not resolve [tcp://redis:6379]

  at vendor/predis/predis/src/Connection/AbstractConnection.php:155
    151|      */
    152|     protected function onConnectionError($message, $code = null)
    153|     {
    154|         CommunicationException::handle(
  > 155|             new ConnectionException($this, static::createExceptionMessage($message), $code)
    156|         );
    157|     }
    158| 
    159|     /**

      [2m+33 vendor frames [22m
  34  artisan:37
      Illuminate\Foundation\Console\Kernel::handle()

   Predis\Connection\ConnectionException 

  php_network_getaddresses: getaddrinfo failed: Name does not resolve [tcp://redis:6379]

  at vendor/predis/predis/src/Connection/AbstractConnection.php:155
    151|      */
    152|     protected function onConnectionError($message, $code = null)
    153|     {
    154|         CommunicationException::handle(
  > 155|             new ConnectionException($this, static::createExceptionMessage($message), $code)
    156|         );
    157|     }
    158| 
    159|     /**

      [2m+33 vendor frames [22m
  34  artisan:37
      Illuminate\Foundation\Console\Kernel::handle()

   Predis\Connection\ConnectionException 

  php_network_getaddresses: getaddrinfo failed: Name does not resolve [tcp://redis:6379]

  at vendor/predis/predis/src/Connection/AbstractConnection.php:155
    151|      */
    152|     protected function onConnectionError($message, $code = null)
    153|     {
    154|         CommunicationException::handle(
  > 155|             new ConnectionException($this, static::createExceptionMessage($message), $code)
    156|         );
    157|     }
    158| 
    159|     /**

      [2m+33 vendor frames [22m
  34  artisan:37
      Illuminate\Foundation\Console\Kernel::handle()

   Predis\Connection\ConnectionException 

  php_network_getaddresses: getaddrinfo failed: Name does not resolve [tcp://redis:6379]

  at vendor/predis/predis/src/Connection/AbstractConnection.php:155
    151|      */
    152|     protected function onConnectionError($message, $code = null)
    153|     {
    154|         CommunicationException::handle(
  > 155|             new ConnectionException($this, static::createExceptionMessage($message), $code)
    156|         );
    157|     }
    158| 
    159|     /**

      [2m+33 vendor frames [22m
  34  artisan:37
      Illuminate\Foundation\Console\Kernel::handle()

   Predis\Connection\ConnectionException 

  php_network_getaddresses: getaddrinfo failed: Name does not resolve [tcp://redis:6379]

  at vendor/predis/predis/src/Connection/AbstractConnection.php:155
    151|      */
    152|     protected function onConnectionError($message, $code = null)
    153|     {
    154|         CommunicationException::handle(
  > 155|             new ConnectionException($this, static::createExceptionMessage($message), $code)
    156|         );
    157|     }
    158| 
    159|     /**

      [2m+33 vendor frames [22m
  34  artisan:37
      Illuminate\Foundation\Console\Kernel::handle()

   Predis\Connection\ConnectionException 

  php_network_getaddresses: getaddrinfo failed: Name does not resolve [tcp://redis:6379]

  at vendor/predis/predis/src/Connection/AbstractConnection.php:155
    151|      */
    152|     protected function onConnectionError($message, $code = null)
    153|     {
    154|         CommunicationException::handle(
  > 155|             new ConnectionException($this, static::createExceptionMessage($message), $code)
    156|         );
    157|     }
    158| 
    159|     /**

      [2m+33 vendor frames [22m
  34  artisan:37
      Illuminate\Foundation\Console\Kernel::handle()

   Predis\Connection\ConnectionException 

  php_network_getaddresses: getaddrinfo failed: Name does not resolve [tcp://redis:6379]

  at vendor/predis/predis/src/Connection/AbstractConnection.php:155
    151|      */
    152|     protected function onConnectionError($message, $code = null)
    153|     {
    154|         CommunicationException::handle(
  > 155|             new ConnectionException($this, static::createExceptionMessage($message), $code)
    156|         );
    157|     }
    158| 
    159|     /**

      [2m+33 vendor frames [22m
  34  artisan:37
      Illuminate\Foundation\Console\Kernel::handle()

   Predis\Connection\ConnectionException 

  php_network_getaddresses: getaddrinfo failed: Name does not resolve [tcp://redis:6379]

  at vendor/predis/predis/src/Connection/AbstractConnection.php:155
    151|      */
    152|     protected function onConnectionError($message, $code = null)
    153|     {
    154|         CommunicationException::handle(
  > 155|             new ConnectionException($this, static::createExceptionMessage($message), $code)
    156|         );
    157|     }
    158| 
    159|     /**

      [2m+33 vendor frames [22m
  34  artisan:37
      Illuminate\Foundation\Console\Kernel::handle()

   Predis\Connection\ConnectionException 

  php_network_getaddresses: getaddrinfo failed: Name does not resolve [tcp://redis:6379]

  at vendor/predis/predis/src/Connection/AbstractConnection.php:155
    151|      */
    152|     protected function onConnectionError($message, $code = null)
    153|     {
    154|         CommunicationException::handle(
  > 155|             new ConnectionException($this, static::createExceptionMessage($message), $code)
    156|         );
    157|     }
    158| 
    159|     /**

      [2m+33 vendor frames [22m
  34  artisan:37
      Illuminate\Foundation\Console\Kernel::handle()

   Predis\Connection\ConnectionException 

  php_network_getaddresses: getaddrinfo failed: Name does not resolve [tcp://redis:6379]

  at vendor/predis/predis/src/Connection/AbstractConnection.php:155
    151|      */
    152|     protected function onConnectionError($message, $code = null)
    153|     {
    154|         CommunicationException::handle(
  > 155|             new ConnectionException($this, static::createExceptionMessage($message), $code)
    156|         );
    157|     }
    158| 
    159|     /**

      [2m+33 vendor frames [22m
  34  artisan:37
      Illuminate\Foundation\Console\Kernel::handle()

   Predis\Connection\ConnectionException 

  php_network_getaddresses: getaddrinfo failed: Name does not resolve [tcp://redis:6379]

  at vendor/predis/predis/src/Connection/AbstractConnection.php:155
    151|      */
    152|     protected function onConnectionError($message, $code = null)
    153|     {
    154|         CommunicationException::handle(
  > 155|             new ConnectionException($this, static::createExceptionMessage($message), $code)
    156|         );
    157|     }
    158| 
    159|     /**

      [2m+33 vendor frames [22m
  34  artisan:37
      Illuminate\Foundation\Console\Kernel::handle()

   Predis\Connection\ConnectionException 

  php_network_getaddresses: getaddrinfo failed: Name does not resolve [tcp://redis:6379]

  at vendor/predis/predis/src/Connection/AbstractConnection.php:155
    151|      */
    152|     protected function onConnectionError($message, $code = null)
    153|     {
    154|         CommunicationException::handle(
  > 155|             new ConnectionException($this, static::createExceptionMessage($message), $code)
    156|         );
    157|     }
    158| 
    159|     /**

      [2m+33 vendor frames [22m
  34  artisan:37
      Illuminate\Foundation\Console\Kernel::handle()

   Predis\Connection\ConnectionException 

  php_network_getaddresses: getaddrinfo failed: Name does not resolve [tcp://redis:6379]

  at vendor/predis/predis/src/Connection/AbstractConnection.php:155
    151|      */
    152|     protected function onConnectionError($message, $code = null)
    153|     {
    154|         CommunicationException::handle(
  > 155|             new ConnectionException($this, static::createExceptionMessage($message), $code)
    156|         );
    157|     }
    158| 
    159|     /**

      [2m+33 vendor frames [22m
  34  artisan:37
      Illuminate\Foundation\Console\Kernel::handle()

   Predis\Connection\ConnectionException 

  php_network_getaddresses: getaddrinfo failed: Name does not resolve [tcp://redis:6379]

  at vendor/predis/predis/src/Connection/AbstractConnection.php:155
    151|      */
    152|     protected function onConnectionError($message, $code = null)
    153|     {
    154|         CommunicationException::handle(
  > 155|             new ConnectionException($this, static::createExceptionMessage($message), $code)
    156|         );
    157|     }
    158| 
    159|     /**

      [2m+33 vendor frames [22m
  34  artisan:37
      Illuminate\Foundation\Console\Kernel::handle()

   Predis\Connection\ConnectionException 

  php_network_getaddresses: getaddrinfo failed: Name does not resolve [tcp://redis:6379]

  at vendor/predis/predis/src/Connection/AbstractConnection.php:155
    151|      */
    152|     protected function onConnectionError($message, $code = null)
    153|     {
    154|         CommunicationException::handle(
  > 155|             new ConnectionException($this, static::createExceptionMessage($message), $code)
    156|         );
    157|     }
    158| 
    159|     /**

      [2m+33 vendor frames [22m
  34  artisan:37
      Illuminate\Foundation\Console\Kernel::handle()

   Predis\Connection\ConnectionException 

  php_network_getaddresses: getaddrinfo failed: Name does not resolve [tcp://redis:6379]

  at vendor/predis/predis/src/Connection/AbstractConnection.php:155
    151|      */
    152|     protected function onConnectionError($message, $code = null)
    153|     {
    154|         CommunicationException::handle(
  > 155|             new ConnectionException($this, static::createExceptionMessage($message), $code)
    156|         );
    157|     }
    158| 
    159|     /**

      [2m+33 vendor frames [22m
  34  artisan:37
      Illuminate\Foundation\Console\Kernel::handle()

   Predis\Connection\ConnectionException 

  php_network_getaddresses: getaddrinfo failed: Name does not resolve [tcp://redis:6379]

  at vendor/predis/predis/src/Connection/AbstractConnection.php:155
    151|      */
    152|     protected function onConnectionError($message, $code = null)
    153|     {
    154|         CommunicationException::handle(
  > 155|             new ConnectionException($this, static::createExceptionMessage($message), $code)
    156|         );
    157|     }
    158| 
    159|     /**

      [2m+33 vendor frames [22m
  34  artisan:37
      Illuminate\Foundation\Console\Kernel::handle()
Horizon started successfully.
Horizon started successfully.
Horizon started successfully.
Horizon started successfully.
Horizon started successfully.
Horizon started successfully.
Horizon started successfully.
Horizon started successfully.
